Build started 08/04/2017 11:48:03.
     1>Project "C:\Users\XqG3X\workspace\IntroductiontoComputerCommunications1\my_receiver.vcxproj" on node 2 (Build target(s)).
     1>C:\Program Files (x86)\MSBuild\Microsoft.Cpp\v4.0\V120\Microsoft.CppBuild.targets(388,5): warning MSB8028: The intermediate directory (Debug\) contains files shared from another project (my_channel.vcxproj, my_sender.vcxproj).  This can lead to incorrect clean and rebuild behavior.
     1>ClCompile:
         C:\Program Files (x86)\Microsoft Visual Studio 12.0\VC\bin\CL.exe /c /Zi /nologo /W3 /WX- /Od /Oy- /D WIN32 /D _DEBUG /D _WINDOWS /Gm /EHsc /RTC1 /MDd /GS /fp:precise /Zc:wchar_t /Zc:forScope /Fo"Debug\\" /Fd"Debug\vc120.pdb" /Gd /TC /analyze- /errorReport:prompt my_receiver.c
         my_receiver.c
     1>c:\users\xqg3x\workspace\introductiontocomputercommunications1\my_library.h(60): warning C4996: 'sscanf': This function or variable may be unsafe. Consider using sscanf_s instead. To disable deprecation, use _CRT_SECURE_NO_WARNINGS. See online help for details.
                 C:\Program Files (x86)\Microsoft Visual Studio 12.0\VC\include\stdio.h(304) : see declaration of 'sscanf'
     1>c:\users\xqg3x\workspace\introductiontocomputercommunications1\my_library.h(90): warning C4996: 'strncpy': This function or variable may be unsafe. Consider using strncpy_s instead. To disable deprecation, use _CRT_SECURE_NO_WARNINGS. See online help for details.
                 C:\Program Files (x86)\Microsoft Visual Studio 12.0\VC\include\string.h(195) : see declaration of 'strncpy'
     1>c:\users\xqg3x\workspace\introductiontocomputercommunications1\my_library.h(96): warning C4996: '_snprintf': This function or variable may be unsafe. Consider using _snprintf_s instead. To disable deprecation, use _CRT_SECURE_NO_WARNINGS. See online help for details.
                 C:\Program Files (x86)\Microsoft Visual Studio 12.0\VC\include\stdio.h(346) : see declaration of '_snprintf'
     1>c:\users\xqg3x\workspace\introductiontocomputercommunications1\my_library.h(97): warning C4244: '=' : conversion from 'long' to 'char', possible loss of data
     1>c:\users\xqg3x\workspace\introductiontocomputercommunications1\my_library.h(103): warning C4996: 'strncpy': This function or variable may be unsafe. Consider using strncpy_s instead. To disable deprecation, use _CRT_SECURE_NO_WARNINGS. See online help for details.
                 C:\Program Files (x86)\Microsoft Visual Studio 12.0\VC\include\string.h(195) : see declaration of 'strncpy'
     1>my_receiver.c(112): warning C4996: 'sprintf': This function or variable may be unsafe. Consider using sprintf_s instead. To disable deprecation, use _CRT_SECURE_NO_WARNINGS. See online help for details.
                 C:\Program Files (x86)\Microsoft Visual Studio 12.0\VC\include\stdio.h(356) : see declaration of 'sprintf'
     1>my_receiver.c(122): warning C4047: '==' : 'FILE *' differs in levels of indirection from 'int'
     1>my_receiver.c(122): warning C4996: 'fopen': This function or variable may be unsafe. Consider using fopen_s instead. To disable deprecation, use _CRT_SECURE_NO_WARNINGS. See online help for details.
                 C:\Program Files (x86)\Microsoft Visual Studio 12.0\VC\include\stdio.h(211) : see declaration of 'fopen'
     1>my_receiver.c(125): warning C4047: 'function' : 'int' differs in levels of indirection from 'FILE *'
     1>my_receiver.c(125): warning C4024: 'program_end' : different types for formal and actual parameter 2
     1>my_receiver.c(164): warning C4047: 'function' : 'int' differs in levels of indirection from 'FILE *'
     1>my_receiver.c(164): warning C4024: 'program_end' : different types for formal and actual parameter 2
     1>my_receiver.c(168): warning C4996: 'inet_addr': Use inet_pton() or InetPton() instead or define _WINSOCK_DEPRECATED_NO_WARNINGS to disable deprecated API warnings
                 C:\Program Files (x86)\Windows Kits\8.1\Include\um\winsock2.h(1850) : see declaration of 'inet_addr'
     1>my_receiver.c(173): warning C4047: 'function' : 'int' differs in levels of indirection from 'FILE *'
     1>my_receiver.c(173): warning C4024: 'program_end' : different types for formal and actual parameter 2
     1>my_receiver.c(185): warning C4047: 'function' : 'int' differs in levels of indirection from 'FILE *'
     1>my_receiver.c(185): warning C4024: 'program_end' : different types for formal and actual parameter 2
     1>my_receiver.c(200): warning C4996: 'strncpy': This function or variable may be unsafe. Consider using strncpy_s instead. To disable deprecation, use _CRT_SECURE_NO_WARNINGS. See online help for details.
                 C:\Program Files (x86)\Microsoft Visual Studio 12.0\VC\include\string.h(195) : see declaration of 'strncpy'
     1>my_receiver.c(210): warning C4047: 'function' : 'int' differs in levels of indirection from 'FILE *'
     1>my_receiver.c(210): warning C4024: 'program_end' : different types for formal and actual parameter 2
     1>my_receiver.c(219): warning C4996: 'sprintf': This function or variable may be unsafe. Consider using sprintf_s instead. To disable deprecation, use _CRT_SECURE_NO_WARNINGS. See online help for details.
                 C:\Program Files (x86)\Microsoft Visual Studio 12.0\VC\include\stdio.h(356) : see declaration of 'sprintf'
     1>my_receiver.c(221): warning C4047: 'function' : 'int' differs in levels of indirection from 'FILE *'
     1>my_receiver.c(221): warning C4024: 'program_end' : different types for formal and actual parameter 2
     1>my_receiver.c(228): warning C4047: 'function' : 'int' differs in levels of indirection from 'FILE *'
     1>my_receiver.c(228): warning C4024: 'program_end' : different types for formal and actual parameter 2
     1>my_receiver.c(238): warning C4047: 'function' : 'int' differs in levels of indirection from 'FILE *'
     1>my_receiver.c(238): warning C4024: 'program_end' : different types for formal and actual parameter 2
     1>my_receiver.c(240): warning C4047: 'function' : 'int' differs in levels of indirection from 'FILE *'
     1>my_receiver.c(240): warning C4024: 'program_end' : different types for formal and actual parameter 2
       Link:
         C:\Program Files (x86)\Microsoft Visual Studio 12.0\VC\bin\link.exe /ERRORREPORT:PROMPT /OUT:"C:\Users\XqG3X\workspace\IntroductiontoComputerCommunications1\Debug\my_receiver.exe" /INCREMENTAL /NOLOGO kernel32.lib user32.lib gdi32.lib winspool.lib comdlg32.lib advapi32.lib shell32.lib ole32.lib oleaut32.lib uuid.lib odbc32.lib odbccp32.lib /MANIFEST /MANIFESTUAC:"level='asInvoker' uiAccess='false'" /manifest:embed /DEBUG /PDB:"C:\Users\XqG3X\workspace\IntroductiontoComputerCommunications1\Debug\my_receiver.pdb" /SUBSYSTEM:CONSOLE /TLBID:1 /DYNAMICBASE /NXCOMPAT /IMPLIB:"C:\Users\XqG3X\workspace\IntroductiontoComputerCommunications1\Debug\my_receiver.lib" /MACHINE:X86 Debug\my_receiver.obj
         my_receiver.vcxproj -> C:\Users\XqG3X\workspace\IntroductiontoComputerCommunications1\Debug\my_receiver.exe
     1>Done Building Project "C:\Users\XqG3X\workspace\IntroductiontoComputerCommunications1\my_receiver.vcxproj" (Build target(s)).

Build succeeded.

Time Elapsed 00:00:00.80
